16:58:26:454  INFO 22172 --- [main] c.h.userservice.UserServiceApplication   : Starting UserServiceApplication using Java 18.0.2.1 on LAPTOP-LHLP4GNL with PID 22172 (D:\BaiduNetdiskDownload\hmall\user-service\target\classes started by 伍学海 in D:\BaiduNetdiskDownload\hmall)
16:58:26:458 DEBUG 22172 --- [main] c.h.userservice.UserServiceApplication   : Running with Spring Boot v2.7.12, Spring v5.3.27
16:58:26:459  INFO 22172 --- [main] c.h.userservice.UserServiceApplication   : The following 1 profile is active: "local"
16:58:27:309 ERROR 22172 --- [main] o.s.boot.SpringApplication               : Application run failed

java.lang.IllegalArgumentException: Unresolvable class definition for class [com.hmall.hmapi.client.fallback.ItemClientFallbackFactory]
	at org.springframework.util.ClassUtils.resolveClassName(ClassUtils.java:331) ~[spring-core-5.3.27.jar:5.3.27]
	at org.springframework.core.annotation.TypeMappedAnnotation.adapt(TypeMappedAnnotation.java:460) ~[spring-core-5.3.27.jar:5.3.27]
	at org.springframework.core.annotation.TypeMappedAnnotation.getValue(TypeMappedAnnotation.java:397) ~[spring-core-5.3.27.jar:5.3.27]
	at org.springframework.core.annotation.TypeMappedAnnotation.asMap(TypeMappedAnnotation.java:283) ~[spring-core-5.3.27.jar:5.3.27]
	at org.springframework.core.annotation.AbstractMergedAnnotation.asAnnotationAttributes(AbstractMergedAnnotation.java:193) ~[spring-core-5.3.27.jar:5.3.27]
	at org.springframework.core.type.AnnotatedTypeMetadata.getAnnotationAttributes(AnnotatedTypeMetadata.java:106) ~[spring-core-5.3.27.jar:5.3.27]
	at org.springframework.core.type.AnnotatedTypeMetadata.getAnnotationAttributes(AnnotatedTypeMetadata.java:81) ~[spring-core-5.3.27.jar:5.3.27]
	at org.springframework.cloud.openfeign.FeignClientsRegistrar.registerFeignClients(FeignClientsRegistrar.java:212) ~[spring-cloud-openfeign-core-2.1.1.RELEASE.jar:2.1.1.RELEASE]
	at org.springframework.cloud.openfeign.FeignClientsRegistrar.registerBeanDefinitions(FeignClientsRegistrar.java:144) ~[spring-cloud-openfeign-core-2.1.1.RELEASE.jar:2.1.1.RELEASE]
	at org.springframework.context.annotation.ImportBeanDefinitionRegistrar.registerBeanDefinitions(ImportBeanDefinitionRegistrar.java:86) ~[spring-context-5.3.27.jar:5.3.27]
	at org.springframework.context.annotation.ConfigurationClassBeanDefinitionReader.lambda$loadBeanDefinitionsFromRegistrars$1(ConfigurationClassBeanDefinitionReader.java:396) ~[spring-context-5.3.27.jar:5.3.27]
	at java.base/java.util.LinkedHashMap.forEach(LinkedHashMap.java:721) ~[na:na]
	at org.springframework.context.annotation.ConfigurationClassBeanDefinitionReader.loadBeanDefinitionsFromRegistrars(ConfigurationClassBeanDefinitionReader.java:395) ~[spring-context-5.3.27.jar:5.3.27]
	at org.springframework.context.annotation.ConfigurationClassBeanDefinitionReader.loadBeanDefinitionsForConfigurationClass(ConfigurationClassBeanDefinitionReader.java:157) ~[spring-context-5.3.27.jar:5.3.27]
	at org.springframework.context.annotation.ConfigurationClassBeanDefinitionReader.loadBeanDefinitions(ConfigurationClassBeanDefinitionReader.java:129) ~[spring-context-5.3.27.jar:5.3.27]
	at org.springframework.context.annotation.ConfigurationClassPostProcessor.processConfigBeanDefinitions(ConfigurationClassPostProcessor.java:343) ~[spring-context-5.3.27.jar:5.3.27]
	at org.springframework.context.annotation.ConfigurationClassPostProcessor.postProcessBeanDefinitionRegistry(ConfigurationClassPostProcessor.java:247) ~[spring-context-5.3.27.jar:5.3.27]
	at org.springframework.context.support.PostProcessorRegistrationDelegate.invokeBeanDefinitionRegistryPostProcessors(PostProcessorRegistrationDelegate.java:311) ~[spring-context-5.3.27.jar:5.3.27]
	at org.springframework.context.support.PostProcessorRegistrationDelegate.invokeBeanFactoryPostProcessors(PostProcessorRegistrationDelegate.java:112) ~[spring-context-5.3.27.jar:5.3.27]
	at org.springframework.context.support.AbstractApplicationContext.invokeBeanFactoryPostProcessors(AbstractApplicationContext.java:748) ~[spring-context-5.3.27.jar:5.3.27]
	at org.springframework.context.support.AbstractApplicationContext.refresh(AbstractApplicationContext.java:564) ~[spring-context-5.3.27.jar:5.3.27]
	at org.springframework.boot.web.servlet.context.ServletWebServerApplicationContext.refresh(ServletWebServerApplicationContext.java:147) ~[spring-boot-2.7.12.jar:2.7.12]
	at org.springframework.boot.SpringApplication.refresh(SpringApplication.java:731) ~[spring-boot-2.7.12.jar:2.7.12]
	at org.springframework.boot.SpringApplication.refreshContext(SpringApplication.java:408) ~[spring-boot-2.7.12.jar:2.7.12]
	at org.springframework.boot.SpringApplication.run(SpringApplication.java:307) ~[spring-boot-2.7.12.jar:2.7.12]
	at org.springframework.boot.SpringApplication.run(SpringApplication.java:1303) ~[spring-boot-2.7.12.jar:2.7.12]
	at org.springframework.boot.SpringApplication.run(SpringApplication.java:1292) ~[spring-boot-2.7.12.jar:2.7.12]
	at com.hmall.userservice.UserServiceApplication.main(UserServiceApplication.java:15) ~[classes/:na]
Caused by: java.lang.NoClassDefFoundError: org/springframework/cloud/openfeign/FallbackFactory
	at java.base/java.lang.ClassLoader.defineClass1(Native Method) ~[na:na]
	at java.base/java.lang.ClassLoader.defineClass(ClassLoader.java:1013) ~[na:na]
	at java.base/java.security.SecureClassLoader.defineClass(SecureClassLoader.java:150) ~[na:na]
	at java.base/jdk.internal.loader.BuiltinClassLoader.defineClass(BuiltinClassLoader.java:862) ~[na:na]
	at java.base/jdk.internal.loader.BuiltinClassLoader.findClassOnClassPathOrNull(BuiltinClassLoader.java:760) ~[na:na]
	at java.base/jdk.internal.loader.BuiltinClassLoader.loadClassOrNull(BuiltinClassLoader.java:681) ~[na:na]
	at java.base/jdk.internal.loader.BuiltinClassLoader.loadClass(BuiltinClassLoader.java:639) ~[na:na]
	at java.base/jdk.internal.loader.ClassLoaders$AppClassLoader.loadClass(ClassLoaders.java:188) ~[na:na]
	at java.base/java.lang.ClassLoader.loadClass(ClassLoader.java:521) ~[na:na]
	at java.base/java.lang.Class.forName0(Native Method) ~[na:na]
	at java.base/java.lang.Class.forName(Class.java:488) ~[na:na]
	at java.base/java.lang.Class.forName(Class.java:467) ~[na:na]
	at org.springframework.util.ClassUtils.forName(ClassUtils.java:284) ~[spring-core-5.3.27.jar:5.3.27]
	at org.springframework.util.ClassUtils.resolveClassName(ClassUtils.java:324) ~[spring-core-5.3.27.jar:5.3.27]
	... 27 common frames omitted
Caused by: java.lang.ClassNotFoundException: org.springframework.cloud.openfeign.FallbackFactory
	at java.base/jdk.internal.loader.BuiltinClassLoader.loadClass(BuiltinClassLoader.java:641) ~[na:na]
	at java.base/jdk.internal.loader.ClassLoaders$AppClassLoader.loadClass(ClassLoaders.java:188) ~[na:na]
	at java.base/java.lang.ClassLoader.loadClass(ClassLoader.java:521) ~[na:na]
	... 41 common frames omitted

16:59:48:328  INFO 16148 --- [main] c.h.userservice.UserServiceApplication   : Starting UserServiceApplication using Java 18.0.2.1 on LAPTOP-LHLP4GNL with PID 16148 (D:\BaiduNetdiskDownload\hmall\user-service\target\classes started by 伍学海 in D:\BaiduNetdiskDownload\hmall)
16:59:48:330 DEBUG 16148 --- [main] c.h.userservice.UserServiceApplication   : Running with Spring Boot v2.7.12, Spring v5.3.27
16:59:48:330  INFO 16148 --- [main] c.h.userservice.UserServiceApplication   : The following 1 profile is active: "local"
16:59:48:929 ERROR 16148 --- [main] o.s.boot.SpringApplication               : Application run failed

java.lang.IllegalArgumentException: Unresolvable class definition for class [com.hmall.hmapi.client.fallback.PayClientFallbackFactory]
	at org.springframework.util.ClassUtils.resolveClassName(ClassUtils.java:331) ~[spring-core-5.3.27.jar:5.3.27]
	at org.springframework.core.annotation.TypeMappedAnnotation.adapt(TypeMappedAnnotation.java:460) ~[spring-core-5.3.27.jar:5.3.27]
	at org.springframework.core.annotation.TypeMappedAnnotation.getValue(TypeMappedAnnotation.java:397) ~[spring-core-5.3.27.jar:5.3.27]
	at org.springframework.core.annotation.TypeMappedAnnotation.asMap(TypeMappedAnnotation.java:283) ~[spring-core-5.3.27.jar:5.3.27]
	at org.springframework.core.annotation.AbstractMergedAnnotation.asAnnotationAttributes(AbstractMergedAnnotation.java:193) ~[spring-core-5.3.27.jar:5.3.27]
	at org.springframework.core.type.AnnotatedTypeMetadata.getAnnotationAttributes(AnnotatedTypeMetadata.java:106) ~[spring-core-5.3.27.jar:5.3.27]
	at org.springframework.core.type.AnnotatedTypeMetadata.getAnnotationAttributes(AnnotatedTypeMetadata.java:81) ~[spring-core-5.3.27.jar:5.3.27]
	at org.springframework.cloud.openfeign.FeignClientsRegistrar.registerFeignClients(FeignClientsRegistrar.java:212) ~[spring-cloud-openfeign-core-2.1.1.RELEASE.jar:2.1.1.RELEASE]
	at org.springframework.cloud.openfeign.FeignClientsRegistrar.registerBeanDefinitions(FeignClientsRegistrar.java:144) ~[spring-cloud-openfeign-core-2.1.1.RELEASE.jar:2.1.1.RELEASE]
	at org.springframework.context.annotation.ImportBeanDefinitionRegistrar.registerBeanDefinitions(ImportBeanDefinitionRegistrar.java:86) ~[spring-context-5.3.27.jar:5.3.27]
	at org.springframework.context.annotation.ConfigurationClassBeanDefinitionReader.lambda$loadBeanDefinitionsFromRegistrars$1(ConfigurationClassBeanDefinitionReader.java:396) ~[spring-context-5.3.27.jar:5.3.27]
	at java.base/java.util.LinkedHashMap.forEach(LinkedHashMap.java:721) ~[na:na]
	at org.springframework.context.annotation.ConfigurationClassBeanDefinitionReader.loadBeanDefinitionsFromRegistrars(ConfigurationClassBeanDefinitionReader.java:395) ~[spring-context-5.3.27.jar:5.3.27]
	at org.springframework.context.annotation.ConfigurationClassBeanDefinitionReader.loadBeanDefinitionsForConfigurationClass(ConfigurationClassBeanDefinitionReader.java:157) ~[spring-context-5.3.27.jar:5.3.27]
	at org.springframework.context.annotation.ConfigurationClassBeanDefinitionReader.loadBeanDefinitions(ConfigurationClassBeanDefinitionReader.java:129) ~[spring-context-5.3.27.jar:5.3.27]
	at org.springframework.context.annotation.ConfigurationClassPostProcessor.processConfigBeanDefinitions(ConfigurationClassPostProcessor.java:343) ~[spring-context-5.3.27.jar:5.3.27]
	at org.springframework.context.annotation.ConfigurationClassPostProcessor.postProcessBeanDefinitionRegistry(ConfigurationClassPostProcessor.java:247) ~[spring-context-5.3.27.jar:5.3.27]
	at org.springframework.context.support.PostProcessorRegistrationDelegate.invokeBeanDefinitionRegistryPostProcessors(PostProcessorRegistrationDelegate.java:311) ~[spring-context-5.3.27.jar:5.3.27]
	at org.springframework.context.support.PostProcessorRegistrationDelegate.invokeBeanFactoryPostProcessors(PostProcessorRegistrationDelegate.java:112) ~[spring-context-5.3.27.jar:5.3.27]
	at org.springframework.context.support.AbstractApplicationContext.invokeBeanFactoryPostProcessors(AbstractApplicationContext.java:748) ~[spring-context-5.3.27.jar:5.3.27]
	at org.springframework.context.support.AbstractApplicationContext.refresh(AbstractApplicationContext.java:564) ~[spring-context-5.3.27.jar:5.3.27]
	at org.springframework.boot.web.servlet.context.ServletWebServerApplicationContext.refresh(ServletWebServerApplicationContext.java:147) ~[spring-boot-2.7.12.jar:2.7.12]
	at org.springframework.boot.SpringApplication.refresh(SpringApplication.java:731) ~[spring-boot-2.7.12.jar:2.7.12]
	at org.springframework.boot.SpringApplication.refreshContext(SpringApplication.java:408) ~[spring-boot-2.7.12.jar:2.7.12]
	at org.springframework.boot.SpringApplication.run(SpringApplication.java:307) ~[spring-boot-2.7.12.jar:2.7.12]
	at org.springframework.boot.SpringApplication.run(SpringApplication.java:1303) ~[spring-boot-2.7.12.jar:2.7.12]
	at org.springframework.boot.SpringApplication.run(SpringApplication.java:1292) ~[spring-boot-2.7.12.jar:2.7.12]
	at com.hmall.userservice.UserServiceApplication.main(UserServiceApplication.java:15) ~[classes/:na]
Caused by: java.lang.NoClassDefFoundError: org/springframework/cloud/openfeign/FallbackFactory
	at java.base/java.lang.ClassLoader.defineClass1(Native Method) ~[na:na]
	at java.base/java.lang.ClassLoader.defineClass(ClassLoader.java:1013) ~[na:na]
	at java.base/java.security.SecureClassLoader.defineClass(SecureClassLoader.java:150) ~[na:na]
	at java.base/jdk.internal.loader.BuiltinClassLoader.defineClass(BuiltinClassLoader.java:862) ~[na:na]
	at java.base/jdk.internal.loader.BuiltinClassLoader.findClassOnClassPathOrNull(BuiltinClassLoader.java:760) ~[na:na]
	at java.base/jdk.internal.loader.BuiltinClassLoader.loadClassOrNull(BuiltinClassLoader.java:681) ~[na:na]
	at java.base/jdk.internal.loader.BuiltinClassLoader.loadClass(BuiltinClassLoader.java:639) ~[na:na]
	at java.base/jdk.internal.loader.ClassLoaders$AppClassLoader.loadClass(ClassLoaders.java:188) ~[na:na]
	at java.base/java.lang.ClassLoader.loadClass(ClassLoader.java:521) ~[na:na]
	at java.base/java.lang.Class.forName0(Native Method) ~[na:na]
	at java.base/java.lang.Class.forName(Class.java:488) ~[na:na]
	at java.base/java.lang.Class.forName(Class.java:467) ~[na:na]
	at org.springframework.util.ClassUtils.forName(ClassUtils.java:284) ~[spring-core-5.3.27.jar:5.3.27]
	at org.springframework.util.ClassUtils.resolveClassName(ClassUtils.java:324) ~[spring-core-5.3.27.jar:5.3.27]
	... 27 common frames omitted
Caused by: java.lang.ClassNotFoundException: org.springframework.cloud.openfeign.FallbackFactory
	at java.base/jdk.internal.loader.BuiltinClassLoader.loadClass(BuiltinClassLoader.java:641) ~[na:na]
	at java.base/jdk.internal.loader.ClassLoaders$AppClassLoader.loadClass(ClassLoaders.java:188) ~[na:na]
	at java.base/java.lang.ClassLoader.loadClass(ClassLoader.java:521) ~[na:na]
	... 41 common frames omitted

17:00:30:411  INFO 17064 --- [main] c.h.userservice.UserServiceApplication   : Starting UserServiceApplication using Java 18.0.2.1 on LAPTOP-LHLP4GNL with PID 17064 (D:\BaiduNetdiskDownload\hmall\user-service\target\classes started by 伍学海 in D:\BaiduNetdiskDownload\hmall)
17:00:30:413 DEBUG 17064 --- [main] c.h.userservice.UserServiceApplication   : Running with Spring Boot v2.7.12, Spring v5.3.27
17:00:30:414  INFO 17064 --- [main] c.h.userservice.UserServiceApplication   : The following 1 profile is active: "local"
17:00:31:359  INFO 17064 --- [main] o.s.cloud.context.scope.GenericScope     : BeanFactory id=af9a0cd8-078c-365d-98a7-0df6ebe39e31
17:00:31:413  INFO 17064 --- [main] trationDelegate$BeanPostProcessorChecker : Bean 'com.hmall.hmapi.client.CartClient' of type [org.springframework.cloud.openfeign.FeignClientFactoryBean] is not eligible for getting processed by all BeanPostProcessors (for example: not eligible for auto-proxying)
17:00:31:414  INFO 17064 --- [main] trationDelegate$BeanPostProcessorChecker : Bean 'com.hmall.hmapi.client.ItemClient' of type [org.springframework.cloud.openfeign.FeignClientFactoryBean] is not eligible for getting processed by all BeanPostProcessors (for example: not eligible for auto-proxying)
17:00:31:416  INFO 17064 --- [main] trationDelegate$BeanPostProcessorChecker : Bean 'com.hmall.hmapi.client.PayClient' of type [org.springframework.cloud.openfeign.FeignClientFactoryBean] is not eligible for getting processed by all BeanPostProcessors (for example: not eligible for auto-proxying)
17:00:31:417  INFO 17064 --- [main] trationDelegate$BeanPostProcessorChecker : Bean 'com.hmall.hmapi.client.TradeClient' of type [org.springframework.cloud.openfeign.FeignClientFactoryBean] is not eligible for getting processed by all BeanPostProcessors (for example: not eligible for auto-proxying)
17:00:31:418  INFO 17064 --- [main] trationDelegate$BeanPostProcessorChecker : Bean 'com.hmall.hmapi.client.UserClient' of type [org.springframework.cloud.openfeign.FeignClientFactoryBean] is not eligible for getting processed by all BeanPostProcessors (for example: not eligible for auto-proxying)
17:00:31:713  INFO 17064 --- [main] o.s.b.w.embedded.tomcat.TomcatWebServer  : Tomcat initialized with port(s): 8083 (http)
17:00:31:721  INFO 17064 --- [main] o.apache.catalina.core.StandardService   : Starting service [Tomcat]
17:00:31:722  INFO 17064 --- [main] org.apache.catalina.core.StandardEngine  : Starting Servlet engine: [Apache Tomcat/9.0.75]
17:00:31:860  INFO 17064 --- [main] o.a.c.c.C.[Tomcat].[localhost].[/]       : Initializing Spring embedded WebApplicationContext
17:00:31:861  INFO 17064 --- [main] w.s.c.ServletWebServerApplicationContext : Root WebApplicationContext: initialization completed in 1407 ms
17:00:32:893  WARN 17064 --- [main] c.n.c.sources.URLConfigurationSource     : No URLs will be polled as dynamic configuration sources.
17:00:32:893  INFO 17064 --- [main] c.n.c.sources.URLConfigurationSource     : To enable URLs as dynamic configuration sources, define System property archaius.configurationSource.additionalUrls or make config.properties available on classpath.
17:00:32:905  WARN 17064 --- [main] c.n.c.sources.URLConfigurationSource     : No URLs will be polled as dynamic configuration sources.
17:00:32:906  INFO 17064 --- [main] c.n.c.sources.URLConfigurationSource     : To enable URLs as dynamic configuration sources, define System property archaius.configurationSource.additionalUrls or make config.properties available on classpath.
17:00:34:357  INFO 17064 --- [main] o.s.cloud.commons.util.InetUtils         : Cannot determine local hostname
17:00:34:387  INFO 17064 --- [main] pertySourcedRequestMappingHandlerMapping : Mapped URL path [/v2/api-docs] onto method [springfox.documentation.swagger2.web.Swagger2ControllerWebMvc#getDocumentation(String, HttpServletRequest)]
17:00:35:859  INFO 17064 --- [main] o.s.cloud.commons.util.InetUtils         : Cannot determine local hostname
17:00:36:122  INFO 17064 --- [main] com.alibaba.nacos.common.remote.client   : [RpcClientFactory] create a new rpc client of f8f36a58-5b34-45b4-9973-d7baa011fd88
17:00:36:158  INFO 17064 --- [main] org.reflections.Reflections              : Reflections took 20 ms to scan 1 urls, producing 3 keys and 6 values 
17:00:36:181  INFO 17064 --- [main] org.reflections.Reflections              : Reflections took 9 ms to scan 1 urls, producing 4 keys and 9 values 
17:00:36:193  INFO 17064 --- [main] org.reflections.Reflections              : Reflections took 9 ms to scan 1 urls, producing 3 keys and 10 values 
17:00:36:198  WARN 17064 --- [main] org.reflections.Reflections              : given scan urls are empty. set urls in the configuration
17:00:36:207  INFO 17064 --- [main] org.reflections.Reflections              : Reflections took 8 ms to scan 1 urls, producing 1 keys and 5 values 
17:00:36:221  INFO 17064 --- [main] org.reflections.Reflections              : Reflections took 12 ms to scan 1 urls, producing 1 keys and 7 values 
17:00:36:232  INFO 17064 --- [main] org.reflections.Reflections              : Reflections took 9 ms to scan 1 urls, producing 2 keys and 8 values 
17:00:36:234  WARN 17064 --- [main] org.reflections.Reflections              : given scan urls are empty. set urls in the configuration
17:00:36:235  INFO 17064 --- [main] com.alibaba.nacos.common.remote.client   : [f8f36a58-5b34-45b4-9973-d7baa011fd88] RpcClient init label, labels = {module=naming, source=sdk}
17:00:36:237  INFO 17064 --- [main] com.alibaba.nacos.common.remote.client   : [f8f36a58-5b34-45b4-9973-d7baa011fd88] RpcClient init, ServerListFactory = com.alibaba.nacos.client.naming.core.ServerListManager
17:00:36:237  INFO 17064 --- [main] com.alibaba.nacos.common.remote.client   : [f8f36a58-5b34-45b4-9973-d7baa011fd88] Registry connection listener to current client:com.alibaba.nacos.client.naming.remote.gprc.redo.NamingGrpcRedoService
17:00:36:238  INFO 17064 --- [main] com.alibaba.nacos.common.remote.client   : [f8f36a58-5b34-45b4-9973-d7baa011fd88] Register server push request handler:com.alibaba.nacos.client.naming.remote.gprc.NamingPushRequestHandler
17:00:36:239  INFO 17064 --- [main] com.alibaba.nacos.common.remote.client   : [f8f36a58-5b34-45b4-9973-d7baa011fd88] Try to connect to server on start up, server: {serverIp = '192.168.137.131', server main port = 8848}
17:00:37:248  INFO 17064 --- [main] com.alibaba.nacos.common.remote.client   : [f8f36a58-5b34-45b4-9973-d7baa011fd88] Success to connect to server [192.168.137.131:8848] on start up, connectionId = 1729783756289_192.168.137.1_25946
17:00:37:249  INFO 17064 --- [main] com.alibaba.nacos.common.remote.client   : [f8f36a58-5b34-45b4-9973-d7baa011fd88] Register server push request handler:com.alibaba.nacos.common.remote.client.RpcClient$ConnectResetRequestHandler
17:00:37:249  INFO 17064 --- [com.alibaba.nacos.client.remote.worker] com.alibaba.nacos.common.remote.client   : [f8f36a58-5b34-45b4-9973-d7baa011fd88] Notify connected event to listeners.
17:00:37:249  INFO 17064 --- [main] com.alibaba.nacos.common.remote.client   : [f8f36a58-5b34-45b4-9973-d7baa011fd88] Register server push request handler:com.alibaba.nacos.common.remote.client.RpcClient$$Lambda$1057/0x0000000801367738
17:00:37:303  INFO 17064 --- [main] o.s.b.w.embedded.tomcat.TomcatWebServer  : Tomcat started on port(s): 8083 (http) with context path ''
17:00:37:312  INFO 17064 --- [main] c.a.c.n.registry.NacosServiceRegistry    : nacos registry, DEFAULT_GROUP user-service 192.168.1.105:8083 register finished
17:00:37:832  INFO 17064 --- [nacos-grpc-client-executor-8] com.alibaba.nacos.common.remote.client   : [f8f36a58-5b34-45b4-9973-d7baa011fd88] Receive server push request, request = NotifySubscriberRequest, requestId = 113
17:00:37:834  INFO 17064 --- [nacos-grpc-client-executor-8] com.alibaba.nacos.common.remote.client   : [f8f36a58-5b34-45b4-9973-d7baa011fd88] Ack server push request, request = NotifySubscriberRequest, requestId = 113
17:00:38:562  INFO 17064 --- [main] o.s.cloud.commons.util.InetUtils         : Cannot determine local hostname
17:00:38:563  INFO 17064 --- [main] d.s.w.p.DocumentationPluginsBootstrapper : Documentation plugins bootstrapped
17:00:38:565  INFO 17064 --- [main] d.s.w.p.DocumentationPluginsBootstrapper : Found 1 custom documentation plugin(s)
17:00:38:584  INFO 17064 --- [main] s.d.s.w.s.ApiListingReferenceScanner     : Scanning for api listing references
17:00:38:673  INFO 17064 --- [main] c.h.userservice.UserServiceApplication   : Started UserServiceApplication in 10.006 seconds (JVM running for 10.689)
17:02:28:583  INFO 19636 --- [main] c.h.userservice.UserServiceApplication   : Starting UserServiceApplication using Java 18.0.2.1 on LAPTOP-LHLP4GNL with PID 19636 (D:\BaiduNetdiskDownload\hmall\user-service\target\classes started by 伍学海 in D:\BaiduNetdiskDownload\hmall)
17:02:28:585 DEBUG 19636 --- [main] c.h.userservice.UserServiceApplication   : Running with Spring Boot v2.7.12, Spring v5.3.27
17:02:28:585  INFO 19636 --- [main] c.h.userservice.UserServiceApplication   : The following 1 profile is active: "local"
17:02:29:512  INFO 19636 --- [main] o.s.cloud.context.scope.GenericScope     : BeanFactory id=4d5ab77a-744e-37d8-9286-a60bb6ebaf28
17:02:29:852  INFO 19636 --- [main] o.s.b.w.embedded.tomcat.TomcatWebServer  : Tomcat initialized with port(s): 8083 (http)
17:02:29:861  INFO 19636 --- [main] o.apache.catalina.core.StandardService   : Starting service [Tomcat]
17:02:29:861  INFO 19636 --- [main] org.apache.catalina.core.StandardEngine  : Starting Servlet engine: [Apache Tomcat/9.0.75]
17:02:29:997  INFO 19636 --- [main] o.a.c.c.C.[Tomcat].[localhost].[/]       : Initializing Spring embedded WebApplicationContext
17:02:29:997  INFO 19636 --- [main] w.s.c.ServletWebServerApplicationContext : Root WebApplicationContext: initialization completed in 1366 ms
17:02:32:440  INFO 19636 --- [main] o.s.cloud.commons.util.InetUtils         : Cannot determine local hostname
17:02:32:479  INFO 19636 --- [main] pertySourcedRequestMappingHandlerMapping : Mapped URL path [/v2/api-docs] onto method [springfox.documentation.swagger2.web.Swagger2ControllerWebMvc#getDocumentation(String, HttpServletRequest)]
17:02:33:933  INFO 19636 --- [main] o.s.cloud.commons.util.InetUtils         : Cannot determine local hostname
17:02:34:216  INFO 19636 --- [main] com.alibaba.nacos.common.remote.client   : [RpcClientFactory] create a new rpc client of c1a2d71c-5845-4625-bcfd-3ca4ce157f90
17:02:34:257  INFO 19636 --- [main] org.reflections.Reflections              : Reflections took 21 ms to scan 1 urls, producing 3 keys and 6 values 
17:02:34:283  INFO 19636 --- [main] org.reflections.Reflections              : Reflections took 12 ms to scan 1 urls, producing 4 keys and 9 values 
17:02:34:292  INFO 19636 --- [main] org.reflections.Reflections              : Reflections took 6 ms to scan 1 urls, producing 3 keys and 10 values 
17:02:34:296  WARN 19636 --- [main] org.reflections.Reflections              : given scan urls are empty. set urls in the configuration
17:02:34:303  INFO 19636 --- [main] org.reflections.Reflections              : Reflections took 7 ms to scan 1 urls, producing 1 keys and 5 values 
17:02:34:312  INFO 19636 --- [main] org.reflections.Reflections              : Reflections took 6 ms to scan 1 urls, producing 1 keys and 7 values 
17:02:34:321  INFO 19636 --- [main] org.reflections.Reflections              : Reflections took 7 ms to scan 1 urls, producing 2 keys and 8 values 
17:02:34:323  WARN 19636 --- [main] org.reflections.Reflections              : given scan urls are empty. set urls in the configuration
17:02:34:324  INFO 19636 --- [main] com.alibaba.nacos.common.remote.client   : [c1a2d71c-5845-4625-bcfd-3ca4ce157f90] RpcClient init label, labels = {module=naming, source=sdk}
17:02:34:326  INFO 19636 --- [main] com.alibaba.nacos.common.remote.client   : [c1a2d71c-5845-4625-bcfd-3ca4ce157f90] RpcClient init, ServerListFactory = com.alibaba.nacos.client.naming.core.ServerListManager
17:02:34:326  INFO 19636 --- [main] com.alibaba.nacos.common.remote.client   : [c1a2d71c-5845-4625-bcfd-3ca4ce157f90] Registry connection listener to current client:com.alibaba.nacos.client.naming.remote.gprc.redo.NamingGrpcRedoService
17:02:34:327  INFO 19636 --- [main] com.alibaba.nacos.common.remote.client   : [c1a2d71c-5845-4625-bcfd-3ca4ce157f90] Register server push request handler:com.alibaba.nacos.client.naming.remote.gprc.NamingPushRequestHandler
17:02:34:329  INFO 19636 --- [main] com.alibaba.nacos.common.remote.client   : [c1a2d71c-5845-4625-bcfd-3ca4ce157f90] Try to connect to server on start up, server: {serverIp = '192.168.137.131', server main port = 8848}
17:02:35:349  INFO 19636 --- [main] com.alibaba.nacos.common.remote.client   : [c1a2d71c-5845-4625-bcfd-3ca4ce157f90] Success to connect to server [192.168.137.131:8848] on start up, connectionId = 1729783884210_192.168.137.1_26034
17:02:35:350  INFO 19636 --- [com.alibaba.nacos.client.remote.worker] com.alibaba.nacos.common.remote.client   : [c1a2d71c-5845-4625-bcfd-3ca4ce157f90] Notify connected event to listeners.
17:02:35:350  INFO 19636 --- [main] com.alibaba.nacos.common.remote.client   : [c1a2d71c-5845-4625-bcfd-3ca4ce157f90] Register server push request handler:com.alibaba.nacos.common.remote.client.RpcClient$ConnectResetRequestHandler
17:02:35:350  INFO 19636 --- [main] com.alibaba.nacos.common.remote.client   : [c1a2d71c-5845-4625-bcfd-3ca4ce157f90] Register server push request handler:com.alibaba.nacos.common.remote.client.RpcClient$$Lambda$1059/0x00000008013659e0
17:02:35:402  INFO 19636 --- [main] o.s.b.w.embedded.tomcat.TomcatWebServer  : Tomcat started on port(s): 8083 (http) with context path ''
17:02:35:413  INFO 19636 --- [main] c.a.c.n.registry.NacosServiceRegistry    : nacos registry, DEFAULT_GROUP user-service 192.168.1.105:8083 register finished
17:02:35:926  INFO 19636 --- [nacos-grpc-client-executor-8] com.alibaba.nacos.common.remote.client   : [c1a2d71c-5845-4625-bcfd-3ca4ce157f90] Receive server push request, request = NotifySubscriberRequest, requestId = 114
17:02:35:928  INFO 19636 --- [nacos-grpc-client-executor-8] com.alibaba.nacos.common.remote.client   : [c1a2d71c-5845-4625-bcfd-3ca4ce157f90] Ack server push request, request = NotifySubscriberRequest, requestId = 114
17:02:36:676  INFO 19636 --- [main] o.s.cloud.commons.util.InetUtils         : Cannot determine local hostname
17:02:36:676  INFO 19636 --- [main] d.s.w.p.DocumentationPluginsBootstrapper : Documentation plugins bootstrapped
17:02:36:679  INFO 19636 --- [main] d.s.w.p.DocumentationPluginsBootstrapper : Found 1 custom documentation plugin(s)
17:02:36:700  INFO 19636 --- [main] s.d.s.w.s.ApiListingReferenceScanner     : Scanning for api listing references
17:02:36:790  INFO 19636 --- [main] c.h.userservice.UserServiceApplication   : Started UserServiceApplication in 9.97 seconds (JVM running for 10.688)
17:09:03:869  INFO 19636 --- [http-nio-8083-exec-1] o.a.c.c.C.[Tomcat].[localhost].[/]       : Initializing Spring DispatcherServlet 'dispatcherServlet'
17:09:03:869  INFO 19636 --- [http-nio-8083-exec-1] o.s.web.servlet.DispatcherServlet        : Initializing Servlet 'dispatcherServlet'
17:09:03:870  INFO 19636 --- [http-nio-8083-exec-1] o.s.web.servlet.DispatcherServlet        : Completed initialization in 1 ms
17:09:04:037  INFO 19636 --- [http-nio-8083-exec-1] com.zaxxer.hikari.HikariDataSource       : HikariPool-1 - Starting...
17:09:04:245  INFO 19636 --- [http-nio-8083-exec-1] com.zaxxer.hikari.HikariDataSource       : HikariPool-1 - Start completed.
17:09:04:252 DEBUG 19636 --- [http-nio-8083-exec-1] c.h.u.mapper.UserMapper.selectOne        : ==>  Preparing: SELECT id,username,password,phone,create_time,update_time,status,balance FROM user WHERE (username = ?)
17:09:04:274 DEBUG 19636 --- [http-nio-8083-exec-1] c.h.u.mapper.UserMapper.selectOne        : ==> Parameters: jack(String)
17:09:04:303 DEBUG 19636 --- [http-nio-8083-exec-1] c.h.u.mapper.UserMapper.selectOne        : <==      Total: 1
17:10:33:082 DEBUG 19636 --- [http-nio-8083-exec-3] c.h.u.mapper.AddressMapper.selectList    : ==>  Preparing: SELECT id,user_id,province,city,town,mobile,street,contact,is_default,notes FROM address WHERE (user_id = ?)
17:10:33:083 DEBUG 19636 --- [http-nio-8083-exec-3] c.h.u.mapper.AddressMapper.selectList    : ==> Parameters: 1(Long)
17:10:33:087 DEBUG 19636 --- [http-nio-8083-exec-3] c.h.u.mapper.AddressMapper.selectList    : <==      Total: 4
17:10:41:241  INFO 19636 --- [http-nio-8083-exec-4] c.h.u.service.Impl.UserServiceImpl       : 开始扣款
17:10:41:243 DEBUG 19636 --- [http-nio-8083-exec-4] c.h.u.mapper.UserMapper.selectById       : ==>  Preparing: SELECT id,username,password,phone,create_time,update_time,status,balance FROM user WHERE id=?
17:10:41:244 DEBUG 19636 --- [http-nio-8083-exec-4] c.h.u.mapper.UserMapper.selectById       : ==> Parameters: 1(Long)
17:10:41:254 DEBUG 19636 --- [http-nio-8083-exec-4] c.h.u.mapper.UserMapper.selectById       : <==      Total: 1
17:10:41:326 DEBUG 19636 --- [http-nio-8083-exec-4] c.h.u.mapper.UserMapper.updateMoney      : ==>  Preparing: update user set balance = balance - 263700 where id = ?
17:10:41:326 DEBUG 19636 --- [http-nio-8083-exec-4] c.h.u.mapper.UserMapper.updateMoney      : ==> Parameters: 1(Long)
17:10:41:330 DEBUG 19636 --- [http-nio-8083-exec-4] c.h.u.mapper.UserMapper.updateMoney      : <==    Updates: 1
17:10:41:331  INFO 19636 --- [http-nio-8083-exec-4] c.h.u.service.Impl.UserServiceImpl       : 扣款成功
